[1.580s] DEBUG:colcon:Command line arguments: ['/usr/bin/colcon', 'list', '-p', '--base-paths', '/home/luisf/Mercuryrobot']
[1.581s] DEBUG:colcon:Parsed command line arguments: Namespace(allow_overriding=[], base_paths=['/home/luisf/Mercuryrobot'], build_base='build', ignore_user_meta=False, log_base=None, log_level=None, main=<bound method ListVerb.main of <colcon_package_information.verb.list.ListVerb object at 0x7f35d654b2e0>>, metas=['./colcon.meta'], names_only=False, packages_above=None, packages_above_and_dependencies=None, packages_above_depth=None, packages_end=None, packages_ignore=None, packages_ignore_regex=None, packages_select=None, packages_select_build_failed=False, packages_select_by_dep=None, packages_select_regex=None, packages_select_test_failures=False, packages_skip=None, packages_skip_build_finished=False, packages_skip_by_dep=None, packages_skip_regex=None, packages_skip_test_passed=False, packages_skip_up_to=None, packages_start=None, packages_up_to=None, packages_up_to_regex=None, paths=None, paths_only=True, topological_graph=False, topological_graph_density=False, topological_graph_dot=False, topological_graph_dot_cluster=False, topological_graph_dot_include_skipped=False, topological_graph_legend=False, topological_order=False, verb_extension=<colcon_package_information.verb.list.ListVerb object at 0x7f35d654b2e0>, verb_name='list', verb_parser=<colcon_defaults.argument_parser.defaults.DefaultArgumentsDecorator object at 0x7f35d6544400>)
[1.676s] Level 1:colcon.colcon_core.package_discovery:discover_packages(colcon_meta) check parameters
[1.677s] Level 1:colcon.colcon_core.package_discovery:discover_packages(recursive) check parameters
[1.678s] Level 1:colcon.colcon_core.package_discovery:discover_packages(ignore) check parameters
[1.678s] Level 1:colcon.colcon_core.package_discovery:discover_packages(path) check parameters
[1.678s] Level 1:colcon.colcon_core.package_discovery:discover_packages(recursive) discover
[1.679s] INFO:colcon.colcon_core.package_discovery:Crawling recursively for packages in '/home/luisf/Mercuryrobot'
[1.680s] Level 1:colcon.colcon_core.package_identification:_identify(/home/luisf/Mercuryrobot) by extensions ['ignore', 'ignore_ament_install']
[1.681s] Level 1:colcon.colcon_core.package_identification:_identify(/home/luisf/Mercuryrobot) by extension 'ignore'
[1.681s] Level 1:colcon.colcon_core.package_identification:_identify(/home/luisf/Mercuryrobot) by extension 'ignore_ament_install'
[1.682s] Level 1:colcon.colcon_core.package_identification:_identify(/home/luisf/Mercuryrobot) by extensions ['colcon_pkg']
[1.682s] Level 1:colcon.colcon_core.package_identification:_identify(/home/luisf/Mercuryrobot) by extension 'colcon_pkg'
[1.683s] Level 1:colcon.colcon_core.package_identification:_identify(/home/luisf/Mercuryrobot) by extensions ['colcon_meta']
[1.683s] Level 1:colcon.colcon_core.package_identification:_identify(/home/luisf/Mercuryrobot) by extension 'colcon_meta'
[1.684s] Level 1:colcon.colcon_core.package_identification:_identify(/home/luisf/Mercuryrobot) by extensions ['ros']
[1.684s] Level 1:colcon.colcon_core.package_identification:_identify(/home/luisf/Mercuryrobot) by extension 'ros'
[1.723s] Level 1:colcon.colcon_core.package_identification:_identify(/home/luisf/Mercuryrobot) by extensions ['cmake', 'python']
[1.723s] Level 1:colcon.colcon_core.package_identification:_identify(/home/luisf/Mercuryrobot) by extension 'cmake'
[1.724s] Level 1:colcon.colcon_core.package_identification:_identify(/home/luisf/Mercuryrobot) by extension 'python'
[1.725s] Level 1:colcon.colcon_core.package_identification:_identify(/home/luisf/Mercuryrobot) by extensions ['python_setup_py']
[1.725s] Level 1:colcon.colcon_core.package_identification:_identify(/home/luisf/Mercuryrobot) by extension 'python_setup_py'
[1.726s] Level 1:colcon.colcon_core.package_identification:_identify(/home/luisf/Mercuryrobot/build) by extensions ['ignore', 'ignore_ament_install']
[1.727s] Level 1:colcon.colcon_core.package_identification:_identify(/home/luisf/Mercuryrobot/build) by extension 'ignore'
[1.728s] Level 1:colcon.colcon_core.package_identification:_identify(/home/luisf/Mercuryrobot/build) ignored
[1.729s] Level 1:colcon.colcon_core.package_identification:_identify(/home/luisf/Mercuryrobot/install) by extensions ['ignore', 'ignore_ament_install']
[1.729s] Level 1:colcon.colcon_core.package_identification:_identify(/home/luisf/Mercuryrobot/install) by extension 'ignore'
[1.730s] Level 1:colcon.colcon_core.package_identification:_identify(/home/luisf/Mercuryrobot/install) ignored
[1.731s] Level 1:colcon.colcon_core.package_identification:_identify(/home/luisf/Mercuryrobot/log) by extensions ['ignore', 'ignore_ament_install']
[1.732s] Level 1:colcon.colcon_core.package_identification:_identify(/home/luisf/Mercuryrobot/log) by extension 'ignore'
[1.732s] Level 1:colcon.colcon_core.package_identification:_identify(/home/luisf/Mercuryrobot/log) ignored
[1.733s] Level 1:colcon.colcon_core.package_identification:_identify(/home/luisf/Mercuryrobot/src) by extensions ['ignore', 'ignore_ament_install']
[1.734s] Level 1:colcon.colcon_core.package_identification:_identify(/home/luisf/Mercuryrobot/src) by extension 'ignore'
[1.734s] Level 1:colcon.colcon_core.package_identification:_identify(/home/luisf/Mercuryrobot/src) by extension 'ignore_ament_install'
[1.735s] Level 1:colcon.colcon_core.package_identification:_identify(/home/luisf/Mercuryrobot/src) by extensions ['colcon_pkg']
[1.735s] Level 1:colcon.colcon_core.package_identification:_identify(/home/luisf/Mercuryrobot/src) by extension 'colcon_pkg'
[1.736s] Level 1:colcon.colcon_core.package_identification:_identify(/home/luisf/Mercuryrobot/src) by extensions ['colcon_meta']
[1.736s] Level 1:colcon.colcon_core.package_identification:_identify(/home/luisf/Mercuryrobot/src) by extension 'colcon_meta'
[1.737s] Level 1:colcon.colcon_core.package_identification:_identify(/home/luisf/Mercuryrobot/src) by extensions ['ros']
[1.737s] Level 1:colcon.colcon_core.package_identification:_identify(/home/luisf/Mercuryrobot/src) by extension 'ros'
[1.738s] Level 1:colcon.colcon_core.package_identification:_identify(/home/luisf/Mercuryrobot/src) by extensions ['cmake', 'python']
[1.739s] Level 1:colcon.colcon_core.package_identification:_identify(/home/luisf/Mercuryrobot/src) by extension 'cmake'
[1.739s] Level 1:colcon.colcon_core.package_identification:_identify(/home/luisf/Mercuryrobot/src) by extension 'python'
[1.740s] Level 1:colcon.colcon_core.package_identification:_identify(/home/luisf/Mercuryrobot/src) by extensions ['python_setup_py']
[1.740s] Level 1:colcon.colcon_core.package_identification:_identify(/home/luisf/Mercuryrobot/src) by extension 'python_setup_py'
[1.741s] Level 1:colcon.colcon_core.package_identification:_identify(/home/luisf/Mercuryrobot/src/odometry) by extensions ['ignore', 'ignore_ament_install']
[1.742s] Level 1:colcon.colcon_core.package_identification:_identify(/home/luisf/Mercuryrobot/src/odometry) by extension 'ignore'
[1.742s] Level 1:colcon.colcon_core.package_identification:_identify(/home/luisf/Mercuryrobot/src/odometry) by extension 'ignore_ament_install'
[1.743s] Level 1:colcon.colcon_core.package_identification:_identify(/home/luisf/Mercuryrobot/src/odometry) by extensions ['colcon_pkg']
[1.743s] Level 1:colcon.colcon_core.package_identification:_identify(/home/luisf/Mercuryrobot/src/odometry) by extension 'colcon_pkg'
[1.744s] Level 1:colcon.colcon_core.package_identification:_identify(/home/luisf/Mercuryrobot/src/odometry) by extensions ['colcon_meta']
[1.744s] Level 1:colcon.colcon_core.package_identification:_identify(/home/luisf/Mercuryrobot/src/odometry) by extension 'colcon_meta'
[1.745s] Level 1:colcon.colcon_core.package_identification:_identify(/home/luisf/Mercuryrobot/src/odometry) by extensions ['ros']
[1.745s] Level 1:colcon.colcon_core.package_identification:_identify(/home/luisf/Mercuryrobot/src/odometry) by extension 'ros'
[1.755s] DEBUG:colcon.colcon_core.package_identification:Package '/home/luisf/Mercuryrobot/src/odometry' with type 'ros.ament_python' and name 'odometry'
[1.755s] Level 1:colcon.colcon_core.package_discovery:discover_packages(recursive) using defaults
