[4.878s] DEBUG:colcon:Command line arguments: ['/usr/bin/colcon', 'build', '--symlink-install']
[4.878s] DEBUG:colcon:Parsed command line arguments: Namespace(allow_overriding=[], ament_cmake_args=None, base_paths=['.'], build_base='build', catkin_cmake_args=None, catkin_skip_building_tests=False, cmake_args=None, cmake_clean_cache=False, cmake_clean_first=False, cmake_force_configure=False, cmake_target=None, cmake_target_skip_unavailable=False, continue_on_error=False, event_handlers=None, executor='parallel', ignore_user_meta=False, install_base='install', log_base=None, log_level=None, main=<bound method BuildVerb.main of <colcon_core.verb.build.BuildVerb object at 0x7f6866092e20>>, merge_install=False, metas=['./colcon.meta'], packages_above=None, packages_above_and_dependencies=None, packages_above_depth=None, packages_end=None, packages_ignore=None, packages_ignore_regex=None, packages_select=None, packages_select_build_failed=False, packages_select_by_dep=None, packages_select_regex=None, packages_select_test_failures=False, packages_skip=None, packages_skip_build_finished=False, packages_skip_by_dep=None, packages_skip_regex=None, packages_skip_test_passed=False, packages_skip_up_to=None, packages_start=None, packages_up_to=None, packages_up_to_regex=None, parallel_workers=4, paths=None, symlink_install=True, test_result_base=None, verb_extension=<colcon_core.verb.build.BuildVerb object at 0x7f6866092e20>, verb_name='build', verb_parser=<colcon_defaults.argument_parser.defaults.DefaultArgumentsDecorator object at 0x7f68660a13d0>)
[4.948s] Level 1:colcon.colcon_core.package_discovery:discover_packages(colcon_meta) check parameters
[4.948s] Level 1:colcon.colcon_core.package_discovery:discover_packages(recursive) check parameters
[4.948s] Level 1:colcon.colcon_core.package_discovery:discover_packages(ignore) check parameters
[4.948s] Level 1:colcon.colcon_core.package_discovery:discover_packages(path) check parameters
[4.949s] Level 1:colcon.colcon_core.package_discovery:discover_packages(colcon_meta) discover
[4.949s] Level 1:colcon.colcon_core.package_discovery:discover_packages(recursive) discover
[4.949s] INFO:colcon.colcon_core.package_discovery:Crawling recursively for packages in '/home/luisf/Mercuryrobot'
[4.949s] Level 1:colcon.colcon_core.package_identification:_identify(.) by extensions ['ignore', 'ignore_ament_install']
[4.949s] Level 1:colcon.colcon_core.package_identification:_identify(.) by extension 'ignore'
[4.949s] Level 1:colcon.colcon_core.package_identification:_identify(.) by extension 'ignore_ament_install'
[4.949s] Level 1:colcon.colcon_core.package_identification:_identify(.) by extensions ['colcon_pkg']
[4.950s] Level 1:colcon.colcon_core.package_identification:_identify(.) by extension 'colcon_pkg'
[4.950s] Level 1:colcon.colcon_core.package_identification:_identify(.) by extensions ['colcon_meta']
[4.950s] Level 1:colcon.colcon_core.package_identification:_identify(.) by extension 'colcon_meta'
[4.950s] Level 1:colcon.colcon_core.package_identification:_identify(.) by extensions ['ros']
[4.950s] Level 1:colcon.colcon_core.package_identification:_identify(.) by extension 'ros'
[5.049s] Level 1:colcon.colcon_core.package_identification:_identify(.) by extensions ['cmake', 'python']
[5.049s] Level 1:colcon.colcon_core.package_identification:_identify(.) by extension 'cmake'
[5.049s] Level 1:colcon.colcon_core.package_identification:_identify(.) by extension 'python'
[5.049s] Level 1:colcon.colcon_core.package_identification:_identify(.) by extensions ['python_setup_py']
[5.049s] Level 1:colcon.colcon_core.package_identification:_identify(.) by extension 'python_setup_py'
[5.050s] Level 1:colcon.colcon_core.package_identification:_identify(build) by extensions ['ignore', 'ignore_ament_install']
[5.050s] Level 1:colcon.colcon_core.package_identification:_identify(build) by extension 'ignore'
[5.050s] Level 1:colcon.colcon_core.package_identification:_identify(build) ignored
[5.050s] Level 1:colcon.colcon_core.package_identification:_identify(install) by extensions ['ignore', 'ignore_ament_install']
[5.050s] Level 1:colcon.colcon_core.package_identification:_identify(install) by extension 'ignore'
[5.050s] Level 1:colcon.colcon_core.package_identification:_identify(install) ignored
[5.051s] Level 1:colcon.colcon_core.package_identification:_identify(log) by extensions ['ignore', 'ignore_ament_install']
[5.051s] Level 1:colcon.colcon_core.package_identification:_identify(log) by extension 'ignore'
[5.051s] Level 1:colcon.colcon_core.package_identification:_identify(log) ignored
[5.051s] Level 1:colcon.colcon_core.package_identification:_identify(src) by extensions ['ignore', 'ignore_ament_install']
[5.051s] Level 1:colcon.colcon_core.package_identification:_identify(src) by extension 'ignore'
[5.051s] Level 1:colcon.colcon_core.package_identification:_identify(src) by extension 'ignore_ament_install'
[5.051s] Level 1:colcon.colcon_core.package_identification:_identify(src) by extensions ['colcon_pkg']
[5.051s] Level 1:colcon.colcon_core.package_identification:_identify(src) by extension 'colcon_pkg'
[5.051s] Level 1:colcon.colcon_core.package_identification:_identify(src) by extensions ['colcon_meta']
[5.052s] Level 1:colcon.colcon_core.package_identification:_identify(src) by extension 'colcon_meta'
[5.052s] Level 1:colcon.colcon_core.package_identification:_identify(src) by extensions ['ros']
[5.052s] Level 1:colcon.colcon_core.package_identification:_identify(src) by extension 'ros'
[5.052s] Level 1:colcon.colcon_core.package_identification:_identify(src) by extensions ['cmake', 'python']
[5.052s] Level 1:colcon.colcon_core.package_identification:_identify(src) by extension 'cmake'
[5.052s] Level 1:colcon.colcon_core.package_identification:_identify(src) by extension 'python'
[5.052s] Level 1:colcon.colcon_core.package_identification:_identify(src) by extensions ['python_setup_py']
[5.052s] Level 1:colcon.colcon_core.package_identification:_identify(src) by extension 'python_setup_py'
[5.052s] Level 1:colcon.colcon_core.package_identification:_identify(src/odometry) by extensions ['ignore', 'ignore_ament_install']
[5.052s] Level 1:colcon.colcon_core.package_identification:_identify(src/odometry) by extension 'ignore'
[5.053s] Level 1:colcon.colcon_core.package_identification:_identify(src/odometry) by extension 'ignore_ament_install'
[5.053s] Level 1:colcon.colcon_core.package_identification:_identify(src/odometry) by extensions ['colcon_pkg']
[5.053s] Level 1:colcon.colcon_core.package_identification:_identify(src/odometry) by extension 'colcon_pkg'
[5.053s] Level 1:colcon.colcon_core.package_identification:_identify(src/odometry) by extensions ['colcon_meta']
[5.053s] Level 1:colcon.colcon_core.package_identification:_identify(src/odometry) by extension 'colcon_meta'
[5.053s] Level 1:colcon.colcon_core.package_identification:_identify(src/odometry) by extensions ['ros']
[5.053s] Level 1:colcon.colcon_core.package_identification:_identify(src/odometry) by extension 'ros'
[5.057s] DEBUG:colcon.colcon_core.package_identification:Package 'src/odometry' with type 'ros.ament_python' and name 'odometry'
[5.057s] Level 1:colcon.colcon_core.package_discovery:discover_packages(recursive) using defaults
[5.057s] Level 1:colcon.colcon_core.package_discovery:discover_packages(ignore) discover
[5.058s] Level 1:colcon.colcon_core.package_discovery:discover_packages(ignore) using defaults
[5.058s] Level 1:colcon.colcon_core.package_discovery:discover_packages(path) discover
[5.058s] Level 1:colcon.colcon_core.package_discovery:discover_packages(path) using defaults
[5.152s] Level 1:colcon.colcon_core.package_discovery:discover_packages(prefix_path) check parameters
[5.152s] Level 1:colcon.colcon_core.package_discovery:discover_packages(prefix_path) discover
[5.173s] DEBUG:colcon.colcon_installed_package_information.package_discovery:Found 1 installed packages in /home/luisf/Mercuryrobot/install
[5.181s] DEBUG:colcon.colcon_installed_package_information.package_discovery:Found 266 installed packages in /opt/ros/foxy
[5.184s] Level 1:colcon.colcon_core.package_discovery:discover_packages(prefix_path) using defaults
[5.371s] Level 5:colcon.colcon_core.verb:set package 'odometry' build argument 'cmake_args' from command line to 'None'
[5.371s] Level 5:colcon.colcon_core.verb:set package 'odometry' build argument 'cmake_target' from command line to 'None'
[5.371s] Level 5:colcon.colcon_core.verb:set package 'odometry' build argument 'cmake_target_skip_unavailable' from command line to 'False'
[5.371s] Level 5:colcon.colcon_core.verb:set package 'odometry' build argument 'cmake_clean_cache' from command line to 'False'
[5.371s] Level 5:colcon.colcon_core.verb:set package 'odometry' build argument 'cmake_clean_first' from command line to 'False'
[5.371s] Level 5:colcon.colcon_core.verb:set package 'odometry' build argument 'cmake_force_configure' from command line to 'False'
[5.371s] Level 5:colcon.colcon_core.verb:set package 'odometry' build argument 'ament_cmake_args' from command line to 'None'
[5.371s] Level 5:colcon.colcon_core.verb:set package 'odometry' build argument 'catkin_cmake_args' from command line to 'None'
[5.371s] Level 5:colcon.colcon_core.verb:set package 'odometry' build argument 'catkin_skip_building_tests' from command line to 'False'
[5.371s] DEBUG:colcon.colcon_core.verb:Building package 'odometry' with the following arguments: {'ament_cmake_args': None, 'build_base': '/home/luisf/Mercuryrobot/build/odometry', 'catkin_cmake_args': None, 'catkin_skip_building_tests': False, 'cmake_args': None, 'cmake_clean_cache': False, 'cmake_clean_first': False, 'cmake_force_configure': False, 'cmake_target': None, 'cmake_target_skip_unavailable': False, 'install_base': '/home/luisf/Mercuryrobot/install/odometry', 'merge_install': False, 'path': '/home/luisf/Mercuryrobot/src/odometry', 'symlink_install': True, 'test_result_base': None}
[5.373s] INFO:colcon.colcon_core.executor:Executing jobs using 'parallel' executor
[5.379s] DEBUG:colcon.colcon_parallel_executor.executor.parallel:run_until_complete
[5.379s] INFO:colcon.colcon_ros.task.ament_python.build:Building ROS package in '/home/luisf/Mercuryrobot/src/odometry' with build type 'ament_python'
[5.380s] Level 1:colcon.colcon_core.shell:create_environment_hook('odometry', 'ament_prefix_path')
[5.407s] INFO:colcon.colcon_core.plugin_system:Skipping extension 'colcon_core.shell.bat': Not used on non-Windows systems
[5.408s] INFO:colcon.colcon_core.shell:Creating environment hook '/home/luisf/Mercuryrobot/install/odometry/share/odometry/hook/ament_prefix_path.ps1'
[5.409s] INFO:colcon.colcon_core.shell:Creating environment descriptor '/home/luisf/Mercuryrobot/install/odometry/share/odometry/hook/ament_prefix_path.dsv'
[5.410s] INFO:colcon.colcon_core.shell:Creating environment hook '/home/luisf/Mercuryrobot/install/odometry/share/odometry/hook/ament_prefix_path.sh'
[5.413s] INFO:colcon.colcon_core.shell:Skip shell extension 'powershell' for command environment: Not usable outside of PowerShell
[5.414s] DEBUG:colcon.colcon_core.shell:Skip shell extension 'dsv' for command environment
[5.972s] INFO:colcon.colcon_core.task.python.build:Building Python package in '/home/luisf/Mercuryrobot/src/odometry'
[5.978s] INFO:colcon.colcon_core.shell:Skip shell extension 'powershell' for command environment: Not usable outside of PowerShell
[5.979s] DEBUG:colcon.colcon_core.shell:Skip shell extension 'dsv' for command environment
[6.954s] DEBUG:colcon.colcon_core.event_handler.log_command:Invoking command in '/home/luisf/Mercuryrobot/build/odometry': PYTHONPATH=/home/luisf/Mercuryrobot/build/odometry/prefix_override:/home/luisf/Mercuryrobot/install/odometry/lib/python3.8/site-packages:${PYTHONPATH} /usr/bin/python3 setup.py develop --editable --build-directory /home/luisf/Mercuryrobot/build/odometry/build --no-deps install_data
[7.919s] Level 1:colcon.colcon_core.shell:create_environment_hook('odometry', 'pythonpath_develop')
[7.923s] INFO:colcon.colcon_core.shell:Creating environment hook '/home/luisf/Mercuryrobot/build/odometry/share/odometry/hook/pythonpath_develop.ps1'
[7.925s] DEBUG:colcon.colcon_core.event_handler.log_command:Invoked command in '/home/luisf/Mercuryrobot/build/odometry' returned '0': PYTHONPATH=/home/luisf/Mercuryrobot/build/odometry/prefix_override:/home/luisf/Mercuryrobot/install/odometry/lib/python3.8/site-packages:${PYTHONPATH} /usr/bin/python3 setup.py develop --editable --build-directory /home/luisf/Mercuryrobot/build/odometry/build --no-deps install_data
[7.926s] INFO:colcon.colcon_core.shell:Creating environment descriptor '/home/luisf/Mercuryrobot/build/odometry/share/odometry/hook/pythonpath_develop.dsv'
[7.927s] INFO:colcon.colcon_core.shell:Creating environment hook '/home/luisf/Mercuryrobot/build/odometry/share/odometry/hook/pythonpath_develop.sh'
[7.939s] Level 1:colcon.colcon_core.environment:checking '/home/luisf/Mercuryrobot/install/odometry' for CMake module files
[7.940s] Level 1:colcon.colcon_core.environment:checking '/home/luisf/Mercuryrobot/install/odometry' for CMake config files
[7.958s] Level 1:colcon.colcon_core.environment:checking '/home/luisf/Mercuryrobot/install/odometry/lib'
[7.959s] Level 1:colcon.colcon_core.environment:checking '/home/luisf/Mercuryrobot/install/odometry/bin'
[7.959s] Level 1:colcon.colcon_core.environment:checking '/home/luisf/Mercuryrobot/install/odometry/lib/pkgconfig/odometry.pc'
[7.959s] Level 1:colcon.colcon_core.environment:checking '/home/luisf/Mercuryrobot/install/odometry/lib/python3.8/site-packages'
[7.959s] Level 1:colcon.colcon_core.shell:create_environment_hook('odometry', 'pythonpath')
[7.962s] INFO:colcon.colcon_core.shell:Creating environment hook '/home/luisf/Mercuryrobot/install/odometry/share/odometry/hook/pythonpath.ps1'
[7.963s] INFO:colcon.colcon_core.shell:Creating environment descriptor '/home/luisf/Mercuryrobot/install/odometry/share/odometry/hook/pythonpath.dsv'
[7.963s] INFO:colcon.colcon_core.shell:Creating environment hook '/home/luisf/Mercuryrobot/install/odometry/share/odometry/hook/pythonpath.sh'
[7.964s] Level 1:colcon.colcon_core.environment:checking '/home/luisf/Mercuryrobot/install/odometry/bin'
[7.964s] Level 1:colcon.colcon_core.environment:create_environment_scripts_only(odometry)
[7.967s] INFO:colcon.colcon_core.shell:Creating package script '/home/luisf/Mercuryrobot/install/odometry/share/odometry/package.ps1'
[7.969s] INFO:colcon.colcon_core.shell:Creating package descriptor '/home/luisf/Mercuryrobot/install/odometry/share/odometry/package.dsv'
[7.970s] INFO:colcon.colcon_core.shell:Creating package script '/home/luisf/Mercuryrobot/install/odometry/share/odometry/package.sh'
[7.971s] INFO:colcon.colcon_core.shell:Creating package script '/home/luisf/Mercuryrobot/install/odometry/share/odometry/package.bash'
[7.973s] INFO:colcon.colcon_core.shell:Creating package script '/home/luisf/Mercuryrobot/install/odometry/share/odometry/package.zsh'
[7.974s] Level 1:colcon.colcon_core.environment:create_file_with_runtime_dependencies(/home/luisf/Mercuryrobot/install/odometry/share/colcon-core/packages/odometry)
[7.974s] DEBUG:colcon.colcon_parallel_executor.executor.parallel:closing loop
[7.975s] DEBUG:colcon.colcon_parallel_executor.executor.parallel:loop closed
[7.975s] DEBUG:colcon.colcon_parallel_executor.executor.parallel:run_until_complete finished with '0'
[7.976s] DEBUG:colcon.colcon_core.event_reactor:joining thread
[8.016s] INFO:colcon.colcon_core.plugin_system:Skipping extension 'colcon_notification.desktop_notification.terminal_notifier': Not used on non-Darwin systems
[8.016s] INFO:colcon.colcon_core.plugin_system:Skipping extension 'colcon_notification.desktop_notification.win32': Not used on non-Windows systems
[8.017s] INFO:colcon.colcon_notification.desktop_notification:Sending desktop notification using 'notify2'
[8.303s] DEBUG:colcon.colcon_core.event_reactor:joined thread
[8.306s] INFO:colcon.colcon_core.shell:Creating prefix script '/home/luisf/Mercuryrobot/install/local_setup.ps1'
[8.308s] INFO:colcon.colcon_core.shell:Creating prefix util module '/home/luisf/Mercuryrobot/install/_local_setup_util_ps1.py'
[8.312s] INFO:colcon.colcon_core.shell:Creating prefix chain script '/home/luisf/Mercuryrobot/install/setup.ps1'
[8.315s] INFO:colcon.colcon_core.shell:Creating prefix script '/home/luisf/Mercuryrobot/install/local_setup.sh'
[8.316s] INFO:colcon.colcon_core.shell:Creating prefix util module '/home/luisf/Mercuryrobot/install/_local_setup_util_sh.py'
[8.317s] INFO:colcon.colcon_core.shell:Creating prefix chain script '/home/luisf/Mercuryrobot/install/setup.sh'
[8.321s] INFO:colcon.colcon_core.shell:Creating prefix script '/home/luisf/Mercuryrobot/install/local_setup.bash'
[8.322s] INFO:colcon.colcon_core.shell:Creating prefix chain script '/home/luisf/Mercuryrobot/install/setup.bash'
[8.325s] INFO:colcon.colcon_core.shell:Creating prefix script '/home/luisf/Mercuryrobot/install/local_setup.zsh'
[8.326s] INFO:colcon.colcon_core.shell:Creating prefix chain script '/home/luisf/Mercuryrobot/install/setup.zsh'
