running develop
running egg_info
creating odometry.egg-info
writing odometry.egg-info/PKG-INFO
writing dependency_links to odometry.egg-info/dependency_links.txt
writing entry points to odometry.egg-info/entry_points.txt
writing requirements to odometry.egg-info/requires.txt
writing top-level names to odometry.egg-info/top_level.txt
writing manifest file 'odometry.egg-info/SOURCES.txt'
reading manifest file 'odometry.egg-info/SOURCES.txt'
writing manifest file 'odometry.egg-info/SOURCES.txt'
running build_ext
Creating /home/luisf/Mercuryrobot/install/odometry/lib/python3.8/site-packages/site.py
Creating /home/luisf/Mercuryrobot/install/odometry/lib/python3.8/site-packages/odometry.egg-link (link to .)
Installing position script to /home/luisf/Mercuryrobot/install/odometry/lib/odometry

Installed /home/luisf/Mercuryrobot/build/odometry
running install_data
creating /home/luisf/Mercuryrobot/install/odometry/share/ament_index
creating /home/luisf/Mercuryrobot/install/odometry/share/ament_index/resource_index
creating /home/luisf/Mercuryrobot/install/odometry/share/ament_index/resource_index/packages
copying resource/odometry -> /home/luisf/Mercuryrobot/install/odometry/share/ament_index/resource_index/packages
copying package.xml -> /home/luisf/Mercuryrobot/install/odometry/share/odometry
